<?xml version="1.0" encoding="UTF-8"?>
<!-- Generated by org.testng.reporters.JUnitReportReporter -->
<testsuite hostname="DESKTOP-L3D2NHT" failures="0" tests="5" name="com.TestLayer.ImdbTest" time="38.712" errors="0" timestamp="2022-11-24T00:39:30 IST" skipped="0">
  <testcase classname="com.TestLayer.ImdbTest" name="searchonimdb" time="3.491"/>
  <system-out/>
  <testcase classname="com.TestLayer.ImdbTest" name="clickonthesearchbtn" time="34.535"/>
  <system-out/>
  <testcase classname="com.TestLayer.ImdbTest" name="scrolldownatdetails" time="0.179"/>
  <system-out/>
  <testcase classname="com.TestLayer.ImdbTest" name="validatereleasedate" time="0.346"/>
  <system-out/>
  <testcase classname="com.TestLayer.ImdbTest" name="validatecountry" time="0.161"/>
  <system-out/>
</testsuite> <!-- com.TestLayer.ImdbTest -->
