<?xml version="1.0" encoding="UTF-8"?>
<!-- Generated by org.testng.reporters.JUnitReportReporter -->
<testsuite hostname="DESKTOP-L3D2NHT" failures="0" tests="5" name="com.TestLayer.WikiTest" time="6.568" errors="0" timestamp="2022-11-24T00:39:30 IST" skipped="0">
  <testcase classname="com.TestLayer.WikiTest" name="searchonwikipedia" time="0.225"/>
  <system-out/>
  <testcase classname="com.TestLayer.WikiTest" name="clickontheserch" time="3.120"/>
  <system-out/>
  <testcase classname="com.TestLayer.WikiTest" name="clickonpushpalink" time="2.526"/>
  <system-out/>
  <testcase classname="com.TestLayer.WikiTest" name="validatereleasedate" time="0.529"/>
  <system-out/>
  <testcase classname="com.TestLayer.WikiTest" name="validatcountry" time="0.168"/>
  <system-out/>
</testsuite> <!-- com.TestLayer.WikiTest -->
